{"level":"info","message":"DBMan: Connection ID: connected","service":"user-service"}
{"level":"info","message":"DBMan: Connection ID: connected","service":"user-service"}
{"level":"info","message":"DBMan: Connection ID: connected","service":"user-service"}
{"level":"info","message":"DBMan: Connection ID: connected","service":"user-service"}
{"level":"info","message":"Network Request to DataServer from CLient Side took: 402ms","service":"user-service"}
{"level":"info","message":"DBMan: Connection ID: connected","service":"user-service"}
{"level":"info","message":"DBMan: Connection ID: connected","service":"user-service"}
{"level":"info","message":"Network Request to DataServer from CLient Side took: 1086ms","service":"user-service"}
{"level":"info","message":"Network Request to DataServer from CLient Side took: 1920ms","service":"user-service"}
{"level":"info","message":"Network Request to DataServer from CLient Side took: 177ms","service":"user-service"}
{"level":"info","message":"Network Request to DataServer from CLient Side took: 1207ms","service":"user-service"}
{"level":"info","message":"Network Request to DataServer from CLient Side took: 1044ms","service":"user-service"}
{"level":"info","message":"Network Request to DataServer from CLient Side took: 1348ms","service":"user-service"}
{"level":"info","message":"Network Request to DataServer from CLient Side took: 661ms","service":"user-service"}
{"level":"info","message":"Network Request to DataServer from CLient Side took: 473ms","service":"user-service"}
{"level":"info","message":"Network Request to DataServer from CLient Side took: 287ms","service":"user-service"}
{"level":"info","message":"Network Request to DataServer from CLient Side took: 51ms","service":"user-service"}
{"level":"info","message":"Network Request to DataServer from CLient Side took: 61ms","service":"user-service"}
{"level":"info","message":"Network Request to DataServer from CLient Side took: 68ms","service":"user-service"}
{"level":"info","message":"Network Request to DataServer from CLient Side took: 49ms","service":"user-service"}
{"level":"info","message":"Network Request to DataServer from CLient Side took: 59ms","service":"user-service"}
{"level":"info","message":"Network Request to DataServer from CLient Side took: 66ms","service":"user-service"}
{"level":"info","message":"Network Request to DataServer from CLient Side took: 69ms","service":"user-service"}
{"level":"info","message":"Network Request to DataServer from CLient Side took: 109ms","service":"user-service"}
{"level":"info","message":"Network Request to DataServer from CLient Side took: 292ms","service":"user-service"}
{"level":"info","message":"Network Request to DataServer from CLient Side took: 742ms","service":"user-service"}
{"level":"info","message":"Network Request to DataServer from CLient Side took: 1024ms","service":"user-service"}
{"level":"info","message":"Network Request to DataServer from CLient Side took: 700ms","service":"user-service"}
{"level":"info","message":"Network Request to DataServer from CLient Side took: 94ms","service":"user-service"}
{"level":"info","message":"Network Request to DataServer from CLient Side took: 90ms","service":"user-service"}
{"level":"info","message":"Network Request to DataServer from CLient Side took: 124ms","service":"user-service"}
{"level":"info","message":"Network Request to DataServer from CLient Side took: 102ms","service":"user-service"}
{"level":"info","message":"Network Request to DataServer from CLient Side took: 285ms","service":"user-service"}
{"level":"info","message":"Network Request to DataServer from CLient Side took: 219ms","service":"user-service"}
{"level":"info","message":"Network Request to DataServer from CLient Side took: 226ms","service":"user-service"}
{"level":"info","message":"Network Request to DataServer from CLient Side took: 305ms","service":"user-service"}
{"level":"info","message":"Network Request to DataServer from CLient Side took: 190ms","service":"user-service"}
{"level":"info","message":"Network Request to DataServer from CLient Side took: 1059ms","service":"user-service"}
{"level":"info","message":"Network Request to DataServer from CLient Side took: 867ms","service":"user-service"}
{"level":"info","message":"Network Request to DataServer from CLient Side took: 1051ms","service":"user-service"}
{"level":"info","message":"Network Request to DataServer from CLient Side took: 614ms","service":"user-service"}
{"level":"info","message":"Network Request to DataServer from CLient Side took: 97ms","service":"user-service"}
{"level":"info","message":"Network Request to DataServer from CLient Side took: 696ms","service":"user-service"}
{"level":"info","message":"Network Request to DataServer from CLient Side took: 840ms","service":"user-service"}
{"level":"info","message":"Network Request to DataServer from CLient Side took: 1045ms","service":"user-service"}
{"level":"info","message":"Network Request to DataServer from CLient Side took: 892ms","service":"user-service"}
{"level":"info","message":"Network Request to DataServer from CLient Side took: 997ms","service":"user-service"}
{"level":"info","message":"Network Request to DataServer from CLient Side took: 886ms","service":"user-service"}
{"level":"info","message":"Network Request to DataServer from CLient Side took: 886ms","service":"user-service"}
{"level":"info","message":"Network Request to DataServer from CLient Side took: 873ms","service":"user-service"}
{"level":"info","message":"Network Request to DataServer from CLient Side took: 700ms","service":"user-service"}
{"level":"info","message":"Network Request to DataServer from CLient Side took: 781ms","service":"user-service"}
{"level":"info","message":"Network Request to DataServer from CLient Side took: 625ms","service":"user-service"}
{"level":"info","message":"Network Request to DataServer from CLient Side took: 378ms","service":"user-service"}
{"level":"info","message":"Network Request to DataServer from CLient Side took: 468ms","service":"user-service"}
{"level":"info","message":"Network Request to DataServer from CLient Side took: 435ms","service":"user-service"}
{"level":"info","message":"DBMan: Connection ID: connected","service":"user-service"}
{"level":"info","message":"Network Request to DataServer from CLient Side took: 694ms","service":"user-service"}
{"level":"info","message":"Network Request to DataServer from CLient Side took: 543ms","service":"user-service"}
{"level":"info","message":"Network Request to DataServer from CLient Side took: 827ms","service":"user-service"}
{"level":"info","message":"Network Request to DataServer from CLient Side took: 561ms","service":"user-service"}
{"level":"info","message":"Network Request to DataServer from CLient Side took: 819ms","service":"user-service"}
{"level":"info","message":"Network Request to DataServer from CLient Side took: 1070ms","service":"user-service"}
{"level":"info","message":"Network Request to DataServer from CLient Side took: 59ms","service":"user-service"}
{"level":"info","message":"Network Request to DataServer from CLient Side took: 891ms","service":"user-service"}
{"level":"info","message":"Network Request to DataServer from CLient Side took: 83ms","service":"user-service"}
{"level":"info","message":"Network Request to DataServer from CLient Side took: 1085ms","service":"user-service"}
{"level":"info","message":"Network Request to DataServer from CLient Side took: 54ms","service":"user-service"}
{"level":"info","message":"Network Request to DataServer from CLient Side took: 543ms","service":"user-service"}
{"level":"info","message":"Network Request to DataServer from CLient Side took: 98ms","service":"user-service"}
{"level":"info","message":"DBMan: Connection ID: connected","service":"user-service"}
{"level":"info","message":"Network Request to DataServer from CLient Side took: 866ms","service":"user-service"}
{"level":"info","message":"addSessionToCart input: [object Object]","service":"user-service"}
{"level":"info","message":"Network Request to DataServer from CLient Side took: 148ms","service":"user-service"}
{"level":"info","message":"DBMan: Connection ID: connected","service":"user-service"}
{"level":"info","message":"Network Request to DataServer from CLient Side took: 726ms","service":"user-service"}
{"level":"info","message":"Network Request to DataServer from CLient Side took: 962ms","service":"user-service"}
{"level":"info","message":"addSessionToCart input: {\"sessionID\":\"1\",\"athleteList\":[{\"full_name\":\"fsdfsdfs\",\"gender\":\"MALE\",\"dob\":\"1212-12-12T00:00:00.000Z\",\"school\":\"sdfsdf\"}],\"guardianInfo\":{\"full_name\":\"sdfsdfdsfdsf\",\"email\":\"sdfsdfsdfsdf\",\"contact_number\":\"sdfdsfdsfsdf\",\"address\":\"sdfsdfsdf\",\"alt_name\":\"sdfds\",\"alt_contact_number\":\"sdfsdfdsf\"}}","service":"user-service"}
{"level":"info","message":"addSessionToCart registeredSessions: [{\"id\":1,\"name\":\"SAQ Training\",\"attributes\":\"Speed - Agility - Quickness\",\"description\":\"Speed and Agility drills to improve performance in sports that require changing direction quickly.\",\"image\":\"/media/agility_bullet_icon.jpg\",\"href\":\"/training/speed-agility\",\"fee\":120,\"last_edit\":\"2022-03-29T09:07:27.000Z\"}]","service":"user-service"}
{"level":"info","message":"Network Request to DataServer from CLient Side took: 129ms","service":"user-service"}
{"level":"info","message":"Network Request to DataServer from CLient Side took: 1007ms","service":"user-service"}
{"level":"info","message":"addSessionToCart input: {\"sessionID\":\"1\",\"athleteList\":[{\"full_name\":\"afdsfds\",\"gender\":\"FEMALE\",\"dob\":\"1212-02-21T00:00:00.000Z\",\"school\":\"2121212\"}],\"guardianInfo\":{\"full_name\":\"sdfsdfdsfdsf\",\"email\":\"sdfsdfsdfsdf\",\"contact_number\":\"sdfdsfdsfsdf\",\"address\":\"sdfsdfsdf\",\"alt_name\":\"sdfds\",\"alt_contact_number\":\"sdfsdfdsf\"}}","service":"user-service"}
{"level":"info","message":"addSessionToCart registeredSessions: [{\"id\":1,\"name\":\"SAQ Training\",\"attributes\":\"Speed - Agility - Quickness\",\"description\":\"Speed and Agility drills to improve performance in sports that require changing direction quickly.\",\"image\":\"/media/agility_bullet_icon.jpg\",\"href\":\"/training/speed-agility\",\"fee\":120,\"last_edit\":\"2022-03-29T09:07:27.000Z\"}]","service":"user-service"}
{"level":"info","message":"Network Request to DataServer from CLient Side took: 130ms","service":"user-service"}
{"level":"info","message":"DBMan: Connection ID: connected","service":"user-service"}
{"level":"info","message":"Network Request to DataServer from CLient Side took: 787ms","service":"user-service"}
{"level":"info","message":"Network Request to DataServer from CLient Side took: 134ms","service":"user-service"}
{"level":"info","message":"addSessionToCart input: {\"sessionID\":\"1\",\"athleteList\":[{\"full_name\":\"adssdasd\",\"gender\":\"FEMALE\",\"dob\":\"1212-12-12T00:00:00.000Z\",\"school\":\"sdfsdfsdf\"}],\"guardianInfo\":{\"full_name\":\"sdfsdfdsfdsf\",\"email\":\"sdfsdfsdfsdf\",\"contact_number\":\"sdfdsfdsfsdf\",\"address\":\"sdfsdfsdf\",\"alt_name\":\"sdfds\",\"alt_contact_number\":\"sdfsdfdsf\"}}","service":"user-service"}
{"level":"info","message":"Network Request to DataServer from CLient Side took: 119ms","service":"user-service"}
{"level":"info","message":"DBMan: Connection ID: connected","service":"user-service"}
{"level":"info","message":"addSessionToCart input: {\"sessionID\":\"1\",\"athleteList\":[{\"full_name\":\"adssdasd\",\"gender\":\"FEMALE\",\"dob\":\"1212-12-12T00:00:00.000Z\",\"school\":\"sdfsdfsdf\"}],\"guardianInfo\":{\"full_name\":\"sdfsdfdsfdsf\",\"email\":\"sdfsdfsdfsdf\",\"contact_number\":\"sdfdsfdsfsdf\",\"address\":\"sdfsdfsdf\",\"alt_name\":\"sdfds\",\"alt_contact_number\":\"sdfsdfdsf\"}}","service":"user-service"}
{"level":"info","message":"addSessionToCart DB result: {\"id\":1,\"name\":\"SAQ Training\",\"attributes\":\"Speed - Agility - Quickness\",\"description\":\"Speed and Agility drills to improve performance in sports that require changing direction quickly.\",\"image\":\"/media/agility_bullet_icon.jpg\",\"href\":\"/training/speed-agility\",\"fee\":120,\"last_edit\":\"2022-03-29T09:07:27.000Z\"}\n","service":"user-service"}
{"level":"info","message":"Network Request to DataServer from CLient Side took: 242ms","service":"user-service"}
{"level":"info","message":"DBMan: Connection ID: connected","service":"user-service"}
{"level":"info","message":"addSessionToCart input: {\"sessionID\":\"1\",\"athleteList\":[{\"full_name\":\"adssdasd\",\"gender\":\"FEMALE\",\"dob\":\"1212-12-12T00:00:00.000Z\",\"school\":\"sdfsdfsdf\"}],\"guardianInfo\":{\"full_name\":\"sdfsdfdsfdsf\",\"email\":\"sdfsdfsdfsdf\",\"contact_number\":\"sdfdsfdsfsdf\",\"address\":\"sdfsdfsdf\",\"alt_name\":\"sdfds\",\"alt_contact_number\":\"sdfsdfdsf\"}}","service":"user-service"}
{"level":"info","message":"addSessionToCart newRegisteredSession: {\"session\":{\"id\":1,\"name\":\"SAQ Training\",\"attributes\":\"Speed - Agility - Quickness\",\"description\":\"Speed and Agility drills to improve performance in sports that require changing direction quickly.\",\"image\":\"/media/agility_bullet_icon.jpg\",\"href\":\"/training/speed-agility\",\"fee\":120,\"last_edit\":\"2022-03-29T09:07:27.000Z\"},\"athleteList\":[{\"full_name\":\"adssdasd\",\"gender\":\"FEMALE\",\"dob\":\"1212-12-12T00:00:00.000Z\",\"school\":\"sdfsdfsdf\"}]}\n","service":"user-service"}
{"level":"info","message":"Network Request to DataServer from CLient Side took: 209ms","service":"user-service"}
{"level":"info","message":"Network Request to DataServer from CLient Side took: 667ms","service":"user-service"}
{"level":"info","message":"clearCart(): Setting session.value to undefined","service":"user-service"}
{"level":"info","message":"Network Request to DataServer from CLient Side took: 121ms","service":"user-service"}
{"level":"info","message":"addSessionToCart input: {\"sessionID\":\"1\",\"athleteList\":[{\"full_name\":\"ttyryrt\",\"gender\":\"FEMALE\",\"dob\":\"1212-12-12T00:00:00.000Z\",\"school\":\"rtyryry\"}],\"guardianInfo\":{\"full_name\":\"sdfsdfdsfdsf\",\"email\":\"sdfsdfsdfsdf\",\"contact_number\":\"sdfdsfdsfsdf\",\"address\":\"sdfsdfsdf\",\"alt_name\":\"sdfds\",\"alt_contact_number\":\"sdfsdfdsf\"}}","service":"user-service"}
{"level":"info","message":"addSessionToCart newRegisteredSession: {\"session\":{\"id\":1,\"name\":\"SAQ Training\",\"attributes\":\"Speed - Agility - Quickness\",\"description\":\"Speed and Agility drills to improve performance in sports that require changing direction quickly.\",\"image\":\"/media/agility_bullet_icon.jpg\",\"href\":\"/training/speed-agility\",\"fee\":120,\"last_edit\":\"2022-03-29T09:07:27.000Z\"},\"athleteList\":[{\"full_name\":\"ttyryrt\",\"gender\":\"FEMALE\",\"dob\":\"1212-12-12T00:00:00.000Z\",\"school\":\"rtyryry\"}]}\n","service":"user-service"}
{"level":"info","message":"Network Request to DataServer from CLient Side took: 116ms","service":"user-service"}
{"level":"info","message":"DBMan: Connection ID: connected","service":"user-service"}
{"level":"info","message":"addSessionToCart input: {\"sessionID\":\"1\",\"athleteList\":[{\"full_name\":\"ttyryrt\",\"gender\":\"FEMALE\",\"dob\":\"1212-12-12T00:00:00.000Z\",\"school\":\"rtyryry\"}],\"guardianInfo\":{\"full_name\":\"sdfsdfdsfdsf\",\"email\":\"sdfsdfsdfsdf\",\"contact_number\":\"sdfdsfdsfsdf\",\"address\":\"sdfsdfsdf\",\"alt_name\":\"sdfds\",\"alt_contact_number\":\"sdfsdfdsf\"}}","service":"user-service"}
{"level":"info","message":"addSessionToCart newRegisteredSession: {\"session\":{\"id\":1,\"name\":\"SAQ Training\",\"attributes\":\"Speed - Agility - Quickness\",\"description\":\"Speed and Agility drills to improve performance in sports that require changing direction quickly.\",\"image\":\"/media/agility_bullet_icon.jpg\",\"href\":\"/training/speed-agility\",\"fee\":120,\"last_edit\":\"2022-03-29T09:07:27.000Z\"},\"athleteList\":[{\"full_name\":\"ttyryrt\",\"gender\":\"FEMALE\",\"dob\":\"1212-12-12T00:00:00.000Z\",\"school\":\"rtyryry\"}]}\n","service":"user-service"}
{"level":"info","message":"Network Request to DataServer from CLient Side took: 169ms","service":"user-service"}
{"level":"info","message":"DBMan: Connection ID: connected","service":"user-service"}
{"level":"info","message":"clearCart(): Setting stored values in session to undefined","service":"user-service"}
{"level":"info","message":"Network Request to DataServer from CLient Side took: 209ms","service":"user-service"}
{"level":"info","message":"addSessionToCart input: {\"sessionID\":\"1\",\"athleteList\":[{\"full_name\":\"ttyryrt\",\"gender\":\"FEMALE\",\"dob\":\"1212-12-12T00:00:00.000Z\",\"school\":\"rtyryry\"}],\"guardianInfo\":{\"full_name\":\"sdfsdfdsfdsf\",\"email\":\"sdfsdfsdfsdf\",\"contact_number\":\"sdfdsfdsfsdf\",\"address\":\"sdfsdfsdf\",\"alt_name\":\"sdfds\",\"alt_contact_number\":\"sdfsdfdsf\"}}","service":"user-service"}
{"level":"info","message":"addSessionToCart newRegisteredSession: {\"session\":{\"id\":1,\"name\":\"SAQ Training\",\"attributes\":\"Speed - Agility - Quickness\",\"description\":\"Speed and Agility drills to improve performance in sports that require changing direction quickly.\",\"image\":\"/media/agility_bullet_icon.jpg\",\"href\":\"/training/speed-agility\",\"fee\":120,\"last_edit\":\"2022-03-29T09:07:27.000Z\"},\"athleteList\":[{\"full_name\":\"ttyryrt\",\"gender\":\"FEMALE\",\"dob\":\"1212-12-12T00:00:00.000Z\",\"school\":\"rtyryry\"}]}\n","service":"user-service"}
{"level":"info","message":"addSessionToCart registeredSessions: [{\"session\":{\"id\":1,\"name\":\"SAQ Training\",\"attributes\":\"Speed - Agility - Quickness\",\"description\":\"Speed and Agility drills to improve performance in sports that require changing direction quickly.\",\"image\":\"/media/agility_bullet_icon.jpg\",\"href\":\"/training/speed-agility\",\"fee\":120,\"last_edit\":\"2022-03-29T09:07:27.000Z\"},\"athleteList\":[{\"full_name\":\"ttyryrt\",\"gender\":\"FEMALE\",\"dob\":\"1212-12-12T00:00:00.000Z\",\"school\":\"rtyryry\"}]}]","service":"user-service"}
{"level":"info","message":"Network Request to DataServer from CLient Side took: 127ms","service":"user-service"}
{"level":"info","message":"DBMan: Connection ID: connected","service":"user-service"}
{"level":"info","message":"addSessionToCart input: {\"sessionID\":\"1\",\"athleteList\":[{\"full_name\":\"sdfdsf\",\"gender\":\"FEMALE\",\"dob\":\"1211-12-12T00:00:00.000Z\",\"school\":\"Leman High\"}],\"guardianInfo\":{\"full_name\":\"sdfsdfdsfdsf\",\"email\":\"sdfsdfsdfsdf\",\"contact_number\":\"sdfdsfdsfsdf\",\"address\":\"sdfsdfsdf\",\"alt_name\":\"sdfds\",\"alt_contact_number\":\"sdfsdfdsf\"}}","service":"user-service"}
{"level":"info","message":"addSessionToCart newRegisteredSession: {\"session\":{\"id\":1,\"name\":\"SAQ Training\",\"attributes\":\"Speed - Agility - Quickness\",\"description\":\"Speed and Agility drills to improve performance in sports that require changing direction quickly.\",\"image\":\"/media/agility_bullet_icon.jpg\",\"href\":\"/training/speed-agility\",\"fee\":120,\"last_edit\":\"2022-03-29T09:07:27.000Z\"},\"athleteList\":[{\"full_name\":\"sdfdsf\",\"gender\":\"FEMALE\",\"dob\":\"1211-12-12T00:00:00.000Z\",\"school\":\"Leman High\"}]}\n","service":"user-service"}
{"level":"info","message":"Network Request to DataServer from CLient Side took: 154ms","service":"user-service"}
{"level":"info","message":"clearCart(): Setting stored values in session to undefined","service":"user-service"}
{"level":"info","message":"Network Request to DataServer from CLient Side took: 96ms","service":"user-service"}
{"level":"info","message":"addSessionToCart input: {\"sessionID\":\"1\",\"athleteList\":[{\"full_name\":\"sdfdsf\",\"gender\":\"FEMALE\",\"dob\":\"1211-12-12T00:00:00.000Z\",\"school\":\"Leman High\"}],\"guardianInfo\":{\"full_name\":\"sdfsdfdsfdsf\",\"email\":\"sdfsdfsdfsdf\",\"contact_number\":\"sdfdsfdsfsdf\",\"address\":\"sdfsdfsdf\",\"alt_name\":\"sdfds\",\"alt_contact_number\":\"sdfsdfdsf\"}}","service":"user-service"}
{"level":"info","message":"addSessionToCart newRegisteredSession: {\"session\":{\"id\":1,\"name\":\"SAQ Training\",\"attributes\":\"Speed - Agility - Quickness\",\"description\":\"Speed and Agility drills to improve performance in sports that require changing direction quickly.\",\"image\":\"/media/agility_bullet_icon.jpg\",\"href\":\"/training/speed-agility\",\"fee\":120,\"last_edit\":\"2022-03-29T09:07:27.000Z\"},\"athleteList\":[{\"full_name\":\"sdfdsf\",\"gender\":\"FEMALE\",\"dob\":\"1211-12-12T00:00:00.000Z\",\"school\":\"Leman High\"}]}\n","service":"user-service"}
{"level":"info","message":"addSessionToCart registeredSessions: [{\"session\":{\"id\":1,\"name\":\"SAQ Training\",\"attributes\":\"Speed - Agility - Quickness\",\"description\":\"Speed and Agility drills to improve performance in sports that require changing direction quickly.\",\"image\":\"/media/agility_bullet_icon.jpg\",\"href\":\"/training/speed-agility\",\"fee\":120,\"last_edit\":\"2022-03-29T09:07:27.000Z\"},\"athleteList\":[{\"full_name\":\"sdfdsf\",\"gender\":\"FEMALE\",\"dob\":\"1211-12-12T00:00:00.000Z\",\"school\":\"Leman High\"}]}]","service":"user-service"}
{"level":"info","message":"Network Request to DataServer from CLient Side took: 52ms","service":"user-service"}
{"level":"info","message":"Network Request to DataServer from CLient Side took: 786ms","service":"user-service"}
{"level":"info","message":"addSessionToCart input: {\"sessionID\":\"1\",\"athleteList\":[{\"full_name\":\"sfdfsdfsdf\",\"gender\":\"FEMALE\",\"dob\":\"1111-11-11T00:00:00.000Z\",\"school\":\"zxvsdf\"}],\"guardianInfo\":{\"full_name\":\"sdfsdfdsfdsf\",\"email\":\"sdfsdfsdfsdf\",\"contact_number\":\"sdfdsfdsfsdf\",\"address\":\"sdfsdfsdf\",\"alt_name\":\"sdfds\",\"alt_contact_number\":\"sdfsdfdsf\"}}","service":"user-service"}
{"level":"info","message":"addSessionToCart newRegisteredSession: {\"session\":{\"id\":1,\"name\":\"SAQ Training\",\"attributes\":\"Speed - Agility - Quickness\",\"description\":\"Speed and Agility drills to improve performance in sports that require changing direction quickly.\",\"image\":\"/media/agility_bullet_icon.jpg\",\"href\":\"/training/speed-agility\",\"fee\":120,\"last_edit\":\"2022-03-29T09:07:27.000Z\"},\"athleteList\":[{\"full_name\":\"sfdfsdfsdf\",\"gender\":\"FEMALE\",\"dob\":\"1111-11-11T00:00:00.000Z\",\"school\":\"zxvsdf\"}]}\n","service":"user-service"}
{"level":"info","message":"Network Request to DataServer from CLient Side took: 115ms","service":"user-service"}
{"level":"info","message":"clearCart(): Setting stored values in session to undefined","service":"user-service"}
{"level":"info","message":"Network Request to DataServer from CLient Side took: 55ms","service":"user-service"}
{"level":"info","message":"addSessionToCart input: {\"sessionID\":\"1\",\"athleteList\":[{\"full_name\":\"sfdfsdfsdf\",\"gender\":\"FEMALE\",\"dob\":\"1111-11-11T00:00:00.000Z\",\"school\":\"zxvsdf\"}],\"guardianInfo\":{\"full_name\":\"sdfsdfdsfdsf\",\"email\":\"sdfsdfsdfsdf\",\"contact_number\":\"sdfdsfdsfsdf\",\"address\":\"sdfsdfsdf\",\"alt_name\":\"sdfds\",\"alt_contact_number\":\"sdfsdfdsf\"}}","service":"user-service"}
{"level":"info","message":"addSessionToCart newRegisteredSession: {\"session\":{\"id\":1,\"name\":\"SAQ Training\",\"attributes\":\"Speed - Agility - Quickness\",\"description\":\"Speed and Agility drills to improve performance in sports that require changing direction quickly.\",\"image\":\"/media/agility_bullet_icon.jpg\",\"href\":\"/training/speed-agility\",\"fee\":120,\"last_edit\":\"2022-03-29T09:07:27.000Z\"},\"athleteList\":[{\"full_name\":\"sfdfsdfsdf\",\"gender\":\"FEMALE\",\"dob\":\"1111-11-11T00:00:00.000Z\",\"school\":\"zxvsdf\"}]}\n","service":"user-service"}
{"level":"info","message":"addSessionToCart registeredSessions: [{\"session\":{\"id\":1,\"name\":\"SAQ Training\",\"attributes\":\"Speed - Agility - Quickness\",\"description\":\"Speed and Agility drills to improve performance in sports that require changing direction quickly.\",\"image\":\"/media/agility_bullet_icon.jpg\",\"href\":\"/training/speed-agility\",\"fee\":120,\"last_edit\":\"2022-03-29T09:07:27.000Z\"},\"athleteList\":[{\"full_name\":\"sfdfsdfsdf\",\"gender\":\"FEMALE\",\"dob\":\"1111-11-11T00:00:00.000Z\",\"school\":\"zxvsdf\"}]}]","service":"user-service"}
{"level":"info","message":"Network Request to DataServer from CLient Side took: 33ms","service":"user-service"}
{"level":"info","message":"Network Request to DataServer from CLient Side took: 602ms","service":"user-service"}
{"level":"info","message":"addSessionToCart input: {\"sessionID\":\"1\",\"athleteList\":[{\"full_name\":\"asdasd\",\"gender\":\"MALE\",\"dob\":\"1111-11-11T00:00:00.000Z\",\"school\":\"sdfdsfsdf\"}],\"guardianInfo\":{\"full_name\":\"sdfsdfdsfdsf\",\"email\":\"sdfsdfsdfsdf\",\"contact_number\":\"sdfdsfdsfsdf\",\"address\":\"sdfsdfsdf\",\"alt_name\":\"sdfds\",\"alt_contact_number\":\"sdfsdfdsf\"}}","service":"user-service"}
{"level":"info","message":"addSessionToCart newRegisteredSession: {\"session\":{\"id\":1,\"name\":\"SAQ Training\",\"attributes\":\"Speed - Agility - Quickness\",\"description\":\"Speed and Agility drills to improve performance in sports that require changing direction quickly.\",\"image\":\"/media/agility_bullet_icon.jpg\",\"href\":\"/training/speed-agility\",\"fee\":120,\"last_edit\":\"2022-03-29T09:07:27.000Z\"},\"athleteList\":[{\"full_name\":\"asdasd\",\"gender\":\"MALE\",\"dob\":\"1111-11-11T00:00:00.000Z\",\"school\":\"sdfdsfsdf\"}]}\n","service":"user-service"}
{"level":"info","message":"Network Request to DataServer from CLient Side took: 121ms","service":"user-service"}
{"level":"info","message":"DBMan: Connection ID: connected","service":"user-service"}
{"level":"info","message":"clearCart(): Setting stored values in session to undefined","service":"user-service"}
{"level":"info","message":"Network Request to DataServer from CLient Side took: 127ms","service":"user-service"}
{"level":"info","message":"addSessionToCart input: {\"sessionID\":\"1\",\"athleteList\":[{\"full_name\":\"asdasd\",\"gender\":\"MALE\",\"dob\":\"1111-11-11T00:00:00.000Z\",\"school\":\"sdfdsfsdf\"}],\"guardianInfo\":{\"full_name\":\"sdfsdfdsfdsf\",\"email\":\"sdfsdfsdfsdf\",\"contact_number\":\"sdfdsfdsfsdf\",\"address\":\"sdfsdfsdf\",\"alt_name\":\"sdfds\",\"alt_contact_number\":\"sdfsdfdsf\"}}","service":"user-service"}
{"level":"info","message":"addSessionToCart newRegisteredSession: {\"session\":{\"id\":1,\"name\":\"SAQ Training\",\"attributes\":\"Speed - Agility - Quickness\",\"description\":\"Speed and Agility drills to improve performance in sports that require changing direction quickly.\",\"image\":\"/media/agility_bullet_icon.jpg\",\"href\":\"/training/speed-agility\",\"fee\":120,\"last_edit\":\"2022-03-29T09:07:27.000Z\"},\"athleteList\":[{\"full_name\":\"asdasd\",\"gender\":\"MALE\",\"dob\":\"1111-11-11T00:00:00.000Z\",\"school\":\"sdfdsfsdf\"}]}\n","service":"user-service"}
{"level":"info","message":"addSessionToCart registeredSessions: [{\"session\":{\"id\":1,\"name\":\"SAQ Training\",\"attributes\":\"Speed - Agility - Quickness\",\"description\":\"Speed and Agility drills to improve performance in sports that require changing direction quickly.\",\"image\":\"/media/agility_bullet_icon.jpg\",\"href\":\"/training/speed-agility\",\"fee\":120,\"last_edit\":\"2022-03-29T09:07:27.000Z\"},\"athleteList\":[{\"full_name\":\"asdasd\",\"gender\":\"MALE\",\"dob\":\"1111-11-11T00:00:00.000Z\",\"school\":\"sdfdsfsdf\"}]}]","service":"user-service"}
{"level":"info","message":"Network Request to DataServer from CLient Side took: 137ms","service":"user-service"}
{"level":"info","message":"Network Request to DataServer from CLient Side took: 634ms","service":"user-service"}
{"level":"info","message":"Network Request to DataServer from CLient Side took: 921ms","service":"user-service"}
{"level":"info","message":"addSessionToCart input: {\"sessionID\":\"1\",\"athleteList\":[{\"full_name\":\"fdsfdsfsdf\",\"gender\":\"FEMALE\",\"dob\":\"1211-12-12T00:00:00.000Z\",\"school\":\"Adsdsds\"}],\"guardianInfo\":{\"full_name\":\"DSdasdas\",\"email\":\"asfasf\",\"contact_number\":\"asfasf\",\"address\":\"asfasfa\",\"alt_name\":\"asfasfa\",\"alt_contact_number\":\"sasfasfa\"}}","service":"user-service"}
{"level":"info","message":"addSessionToCart newRegisteredSession: {\"session\":{\"id\":1,\"name\":\"SAQ Training\",\"attributes\":\"Speed - Agility - Quickness\",\"description\":\"Speed and Agility drills to improve performance in sports that require changing direction quickly.\",\"image\":\"/media/agility_bullet_icon.jpg\",\"href\":\"/training/speed-agility\",\"fee\":120,\"last_edit\":\"2022-03-29T09:07:27.000Z\"},\"athleteList\":[{\"full_name\":\"fdsfdsfsdf\",\"gender\":\"FEMALE\",\"dob\":\"1211-12-12T00:00:00.000Z\",\"school\":\"Adsdsds\"}]}\n","service":"user-service"}
{"level":"info","message":"addSessionToCart registeredSessions: [{\"session\":{\"id\":1,\"name\":\"SAQ Training\",\"attributes\":\"Speed - Agility - Quickness\",\"description\":\"Speed and Agility drills to improve performance in sports that require changing direction quickly.\",\"image\":\"/media/agility_bullet_icon.jpg\",\"href\":\"/training/speed-agility\",\"fee\":120,\"last_edit\":\"2022-03-29T09:07:27.000Z\"},\"athleteList\":[{\"full_name\":\"fdsfdsfsdf\",\"gender\":\"FEMALE\",\"dob\":\"1211-12-12T00:00:00.000Z\",\"school\":\"Adsdsds\"}]}]","service":"user-service"}
{"level":"info","message":"Network Request to DataServer from CLient Side took: 117ms","service":"user-service"}
{"level":"info","message":"Network Request to DataServer from CLient Side took: 594ms","service":"user-service"}
{"level":"info","message":"addSessionToCart input: {\"sessionID\":\"1\",\"athleteList\":[{\"full_name\":\"dasfsdfsdf\",\"gender\":\"FEMALE\",\"dob\":\"1111-11-11T00:00:00.000Z\",\"school\":\"fdfgfdgfj\"}],\"guardianInfo\":{\"full_name\":\"DSdasdas\",\"email\":\"asfasf\",\"contact_number\":\"asfasf\",\"address\":\"asfasfa\",\"alt_name\":\"asfasfa\",\"alt_contact_number\":\"sasfasfa\"}}","service":"user-service"}
{"level":"info","message":"addSessionToCart newRegisteredSession: {\"session\":{\"id\":1,\"name\":\"SAQ Training\",\"attributes\":\"Speed - Agility - Quickness\",\"description\":\"Speed and Agility drills to improve performance in sports that require changing direction quickly.\",\"image\":\"/media/agility_bullet_icon.jpg\",\"href\":\"/training/speed-agility\",\"fee\":120,\"last_edit\":\"2022-03-29T09:07:27.000Z\"},\"athleteList\":[{\"full_name\":\"dasfsdfsdf\",\"gender\":\"FEMALE\",\"dob\":\"1111-11-11T00:00:00.000Z\",\"school\":\"fdfgfdgfj\"}]}\n","service":"user-service"}
{"level":"info","message":"addSessionToCart registeredSessions: [{\"session\":{\"id\":1,\"name\":\"SAQ Training\",\"attributes\":\"Speed - Agility - Quickness\",\"description\":\"Speed and Agility drills to improve performance in sports that require changing direction quickly.\",\"image\":\"/media/agility_bullet_icon.jpg\",\"href\":\"/training/speed-agility\",\"fee\":120,\"last_edit\":\"2022-03-29T09:07:27.000Z\"},\"athleteList\":[{\"full_name\":\"dasfsdfsdf\",\"gender\":\"FEMALE\",\"dob\":\"1111-11-11T00:00:00.000Z\",\"school\":\"fdfgfdgfj\"}]}]","service":"user-service"}
{"level":"info","message":"Network Request to DataServer from CLient Side took: 118ms","service":"user-service"}
{"level":"info","message":"addSessionToCart input: {\"sessionID\":\"1\",\"athleteList\":[{\"full_name\":\"dasfsdfsdf\",\"gender\":\"FEMALE\",\"dob\":\"1111-11-11T00:00:00.000Z\",\"school\":\"fdfgfdgfj\"}],\"guardianInfo\":{\"full_name\":\"DSdasdas\",\"email\":\"asfasf\",\"contact_number\":\"asfasf\",\"address\":\"asfasfa\",\"alt_name\":\"asfasfa\",\"alt_contact_number\":\"sasfasfa\"}}","service":"user-service"}
{"level":"info","message":"addSessionToCart newRegisteredSession: {\"session\":{\"id\":1,\"name\":\"SAQ Training\",\"attributes\":\"Speed - Agility - Quickness\",\"description\":\"Speed and Agility drills to improve performance in sports that require changing direction quickly.\",\"image\":\"/media/agility_bullet_icon.jpg\",\"href\":\"/training/speed-agility\",\"fee\":120,\"last_edit\":\"2022-03-29T09:07:27.000Z\"},\"athleteList\":[{\"full_name\":\"dasfsdfsdf\",\"gender\":\"FEMALE\",\"dob\":\"1111-11-11T00:00:00.000Z\",\"school\":\"fdfgfdgfj\"}]}\n","service":"user-service"}
{"level":"info","message":"addSessionToCart registeredSessions: [{\"session\":{\"id\":1,\"name\":\"SAQ Training\",\"attributes\":\"Speed - Agility - Quickness\",\"description\":\"Speed and Agility drills to improve performance in sports that require changing direction quickly.\",\"image\":\"/media/agility_bullet_icon.jpg\",\"href\":\"/training/speed-agility\",\"fee\":120,\"last_edit\":\"2022-03-29T09:07:27.000Z\"},\"athleteList\":[{\"full_name\":\"dasfsdfsdf\",\"gender\":\"FEMALE\",\"dob\":\"1111-11-11T00:00:00.000Z\",\"school\":\"fdfgfdgfj\"}]}]","service":"user-service"}
{"level":"info","message":"Network Request to DataServer from CLient Side took: 118ms","service":"user-service"}
{"level":"info","message":"Network Request to DataServer from CLient Side took: 530ms","service":"user-service"}
{"level":"info","message":"addSessionToCart input: {\"sessionID\":\"1\",\"athleteList\":[{\"full_name\":\"dsfdsfdsf\",\"gender\":\"FEMALE\",\"dob\":\"1111-11-11T00:00:00.000Z\",\"school\":\"asffsdfsdfsdfsdf\"}],\"guardianInfo\":{\"full_name\":\"DSdasdas\",\"email\":\"asfasf\",\"contact_number\":\"asfasf\",\"address\":\"asfasfa\",\"alt_name\":\"asfasfa\",\"alt_contact_number\":\"sasfasfa\"}}","service":"user-service"}
{"level":"info","message":"addSessionToCart newRegisteredSession: {\"session\":{\"id\":1,\"name\":\"SAQ Training\",\"attributes\":\"Speed - Agility - Quickness\",\"description\":\"Speed and Agility drills to improve performance in sports that require changing direction quickly.\",\"image\":\"/media/agility_bullet_icon.jpg\",\"href\":\"/training/speed-agility\",\"fee\":120,\"last_edit\":\"2022-03-29T09:07:27.000Z\"},\"athleteList\":[{\"full_name\":\"dsfdsfdsf\",\"gender\":\"FEMALE\",\"dob\":\"1111-11-11T00:00:00.000Z\",\"school\":\"asffsdfsdfsdfsdf\"}]}\n","service":"user-service"}
{"level":"info","message":"addSessionToCart registeredSessions: [{\"session\":{\"id\":1,\"name\":\"SAQ Training\",\"attributes\":\"Speed - Agility - Quickness\",\"description\":\"Speed and Agility drills to improve performance in sports that require changing direction quickly.\",\"image\":\"/media/agility_bullet_icon.jpg\",\"href\":\"/training/speed-agility\",\"fee\":120,\"last_edit\":\"2022-03-29T09:07:27.000Z\"},\"athleteList\":[{\"full_name\":\"dsfdsfdsf\",\"gender\":\"FEMALE\",\"dob\":\"1111-11-11T00:00:00.000Z\",\"school\":\"asffsdfsdfsdfsdf\"}]}]","service":"user-service"}
{"level":"info","message":"Network Request to DataServer from CLient Side took: 114ms","service":"user-service"}
{"level":"info","message":"Network Request to DataServer from CLient Side took: 918ms","service":"user-service"}
{"level":"info","message":"DBMan: Connection ID: connected","service":"user-service"}
{"level":"info","message":"Network Request to DataServer from CLient Side took: 1918ms","service":"user-service"}
{"level":"info","message":"Network Request to DataServer from CLient Side took: 1322ms","service":"user-service"}
{"level":"info","message":"addSessionToCart input: {\"sessionID\":\"1\",\"athleteList\":[{\"full_name\":\"adad\",\"gender\":\"MALE\",\"dob\":\"1111-11-11T00:00:00.000Z\",\"school\":\"dfsfdsfs\"}],\"guardianInfo\":{\"full_name\":\"ssdf\",\"email\":\"dgsdgs\",\"contact_number\":\"gsdgsdgds\",\"address\":\"sdgsdgs\",\"alt_name\":\"gsdgsdg\",\"alt_contact_number\":\"sdgsdgsdg\"}}","service":"user-service"}
{"level":"info","message":"addSessionToCart newRegisteredSession: {\"session\":{\"id\":1,\"name\":\"SAQ Training\",\"attributes\":\"Speed - Agility - Quickness\",\"description\":\"Speed and Agility drills to improve performance in sports that require changing direction quickly.\",\"image\":\"/media/agility_bullet_icon.jpg\",\"href\":\"/training/speed-agility\",\"fee\":120,\"last_edit\":\"2022-03-29T09:07:27.000Z\"},\"athleteList\":[{\"full_name\":\"adad\",\"gender\":\"MALE\",\"dob\":\"1111-11-11T00:00:00.000Z\",\"school\":\"dfsfdsfs\"}]}\n","service":"user-service"}
{"level":"info","message":"addSessionToCart registeredSessions: [{\"session\":{\"id\":1,\"name\":\"SAQ Training\",\"attributes\":\"Speed - Agility - Quickness\",\"description\":\"Speed and Agility drills to improve performance in sports that require changing direction quickly.\",\"image\":\"/media/agility_bullet_icon.jpg\",\"href\":\"/training/speed-agility\",\"fee\":120,\"last_edit\":\"2022-03-29T09:07:27.000Z\"},\"athleteList\":[{\"full_name\":\"adad\",\"gender\":\"MALE\",\"dob\":\"1111-11-11T00:00:00.000Z\",\"school\":\"dfsfdsfs\"}]}]","service":"user-service"}
{"level":"info","message":"Network Request to DataServer from CLient Side took: 150ms","service":"user-service"}
{"level":"info","message":"Network Request to DataServer from CLient Side took: 237ms","service":"user-service"}
{"level":"info","message":"Network Request to DataServer from CLient Side took: 173ms","service":"user-service"}
{"level":"info","message":"addSessionToCart input: {\"sessionID\":\"1\",\"athleteList\":[{\"full_name\":\"dAINIENI\",\"gender\":\"FEMALE\",\"dob\":\"1111-11-11T00:00:00.000Z\",\"school\":\"11DFSFSDFSDF\"}],\"guardianInfo\":{\"full_name\":\"djfdsjfhsjdfh\",\"email\":\"DSHSJFHSJDFH\",\"contact_number\":\"ADSFJSDFSDF\",\"address\":\"4545454\",\"alt_name\":\"545\",\"alt_contact_number\":\"45\"}}","service":"user-service"}
{"level":"info","message":"addSessionToCart newRegisteredSession: {\"session\":{\"id\":1,\"name\":\"SAQ Training\",\"attributes\":\"Speed - Agility - Quickness\",\"description\":\"Speed and Agility drills to improve performance in sports that require changing direction quickly.\",\"image\":\"/media/agility_bullet_icon.jpg\",\"href\":\"/training/speed-agility\",\"fee\":120,\"last_edit\":\"2022-03-29T09:07:27.000Z\"},\"athleteList\":[{\"full_name\":\"dAINIENI\",\"gender\":\"FEMALE\",\"dob\":\"1111-11-11T00:00:00.000Z\",\"school\":\"11DFSFSDFSDF\"}]}\n","service":"user-service"}
{"level":"info","message":"addSessionToCart registeredSessions: [{\"session\":{\"id\":1,\"name\":\"SAQ Training\",\"attributes\":\"Speed - Agility - Quickness\",\"description\":\"Speed and Agility drills to improve performance in sports that require changing direction quickly.\",\"image\":\"/media/agility_bullet_icon.jpg\",\"href\":\"/training/speed-agility\",\"fee\":120,\"last_edit\":\"2022-03-29T09:07:27.000Z\"},\"athleteList\":[{\"full_name\":\"dAINIENI\",\"gender\":\"FEMALE\",\"dob\":\"1111-11-11T00:00:00.000Z\",\"school\":\"11DFSFSDFSDF\"}]}]","service":"user-service"}
{"level":"info","message":"Network Request to DataServer from CLient Side took: 93ms","service":"user-service"}
{"level":"info","message":"Network Request to DataServer from CLient Side took: 114ms","service":"user-service"}
{"level":"info","message":"Network Request to DataServer from CLient Side took: 179ms","service":"user-service"}
{"level":"info","message":"Network Request to DataServer from CLient Side took: 1360ms","service":"user-service"}
{"level":"info","message":"Network Request to DataServer from CLient Side took: 147ms","service":"user-service"}
{"level":"info","message":"Network Request to DataServer from CLient Side took: 1880ms","service":"user-service"}
{"level":"info","message":"Network Request to DataServer from CLient Side took: 1446ms","service":"user-service"}
{"level":"info","message":"Network Request to DataServer from CLient Side took: 2034ms","service":"user-service"}
{"level":"info","message":"Network Request to DataServer from CLient Side took: 1182ms","service":"user-service"}
{"level":"info","message":"DBMan: Connection ID: connected","service":"user-service"}
{"level":"info","message":"Network Request to DataServer from CLient Side took: 302ms","service":"user-service"}
{"level":"info","message":"Network Request to DataServer from CLient Side took: 247ms","service":"user-service"}
{"level":"info","message":"DBMan: Connection ID: connected","service":"user-service"}
{"level":"info","message":"Network Request to DataServer from CLient Side took: 305ms","service":"user-service"}
{"level":"info","message":"Network Request to DataServer from CLient Side took: 120ms","service":"user-service"}
{"level":"info","message":"DBMan: Connection ID: connected","service":"user-service"}
{"level":"info","message":"Network Request to DataServer from CLient Side took: 462ms","service":"user-service"}
{"level":"info","message":"addSessionToCart input: {\"sessionID\":\"1\",\"athleteList\":[{\"full_name\":\"dsgsdgsd\",\"gender\":\"MALE\",\"dob\":\"1111-11-11T00:00:00.000Z\",\"school\":\"sd;lkgsdg\"}],\"guardianInfo\":{\"full_name\":\"gfasdafsdf\",\"email\":\"sdgdgdsgdsg\",\"contact_number\":\"sdgsdgdsgdg\",\"address\":\"dsdgsdgsdg\",\"alt_name\":\"sdgsdggdsgd\",\"alt_contact_number\":\"sdgdsdgsdg\"}}","service":"user-service"}
{"level":"info","message":"addSessionToCart newRegisteredSession: {\"session\":{\"id\":1,\"name\":\"SAQ Training\",\"attributes\":\"Speed - Agility - Quickness\",\"description\":\"Speed and Agility drills to improve performance in sports that require changing direction quickly.\",\"image\":\"/media/agility_bullet_icon.jpg\",\"href\":\"/training/speed-agility\",\"fee\":120,\"last_edit\":\"2022-03-29T09:07:27.000Z\"},\"athleteList\":[{\"full_name\":\"dsgsdgsd\",\"gender\":\"MALE\",\"dob\":\"1111-11-11T00:00:00.000Z\",\"school\":\"sd;lkgsdg\"}]}\n","service":"user-service"}
{"level":"info","message":"addSessionToCart registeredSessions: [{\"session\":{\"id\":1,\"name\":\"SAQ Training\",\"attributes\":\"Speed - Agility - Quickness\",\"description\":\"Speed and Agility drills to improve performance in sports that require changing direction quickly.\",\"image\":\"/media/agility_bullet_icon.jpg\",\"href\":\"/training/speed-agility\",\"fee\":120,\"last_edit\":\"2022-03-29T09:07:27.000Z\"},\"athleteList\":[{\"full_name\":\"dsgsdgsd\",\"gender\":\"MALE\",\"dob\":\"1111-11-11T00:00:00.000Z\",\"school\":\"sd;lkgsdg\"}]}]","service":"user-service"}
{"level":"info","message":"Network Request to DataServer from CLient Side took: 165ms","service":"user-service"}
{"level":"info","message":"Network Request to DataServer from CLient Side took: 172ms","service":"user-service"}
{"level":"info","message":"Network Request to DataServer from CLient Side took: 100ms","service":"user-service"}
{"level":"info","message":"Network Request to DataServer from CLient Side took: 314ms","service":"user-service"}
{"level":"info","message":"Network Request to DataServer from CLient Side took: 484ms","service":"user-service"}
{"level":"info","message":"Network Request to DataServer from CLient Side took: 326ms","service":"user-service"}
{"level":"info","message":"Network Request to DataServer from CLient Side took: 163ms","service":"user-service"}
{"level":"info","message":"Network Request to DataServer from CLient Side took: 363ms","service":"user-service"}
{"level":"info","message":"DBMan: Connection ID: connected","service":"user-service"}
{"level":"info","message":"Network Request to DataServer from CLient Side took: 1001ms","service":"user-service"}
{"level":"info","message":"Network Request to DataServer from CLient Side took: 535ms","service":"user-service"}
{"level":"info","message":"Network Request to DataServer from CLient Side took: 526ms","service":"user-service"}
{"level":"info","message":"addSessionToCart input: {\"sessionHref\":\"/training/linear-speed/\",\"athleteList\":[{\"full_name\":\"sdfdfsf\",\"gender\":\"FEMALE\",\"dob\":\"1111-11-11T00:00:00.000Z\",\"school\":\"hjggfdfgdhhh\"}],\"guardianInfo\":{\"full_name\":\"dafsfd\",\"email\":\"fdfsdfsd\",\"contact_number\":\"fsdfdsf\",\"address\":\"fsdfsdfds\",\"alt_name\":\"dsdfdsdfdsfd\",\"alt_contact_number\":\"fsdffddfsdfsd\"}}","service":"user-service"}
{"level":"info","message":"addSessionToCart newRegisteredSession: {\"session\":{\"id\":2,\"name\":\"Linear Speed Training\",\"attributes\":\"Sprint\",\"description\":\"Straight speed sprint training. Cover distance in faster time, on grass or on the court.\",\"image\":\"/media/sprint_bullet_icon_1.jpg\",\"href\":\"/training/linear-speed/\",\"fee\":120,\"last_edit\":\"2022-03-29T09:08:43.000Z\"},\"athleteList\":[{\"full_name\":\"sdfdfsf\",\"gender\":\"FEMALE\",\"dob\":\"1111-11-11T00:00:00.000Z\",\"school\":\"hjggfdfgdhhh\"}]}\n","service":"user-service"}
{"level":"info","message":"addSessionToCart registeredSessions: [{\"session\":{\"id\":1,\"name\":\"SAQ Training\",\"attributes\":\"Speed - Agility - Quickness\",\"description\":\"Speed and Agility drills to improve performance in sports that require changing direction quickly.\",\"image\":\"/media/agility_bullet_icon.jpg\",\"href\":\"/training/speed-agility\",\"fee\":120,\"last_edit\":\"2022-03-29T09:07:27.000Z\"},\"athleteList\":[{\"full_name\":\"dsgsdgsd\",\"gender\":\"MALE\",\"dob\":\"1111-11-11T00:00:00.000Z\",\"school\":\"sd;lkgsdg\"}]},{\"session\":{\"id\":2,\"name\":\"Linear Speed Training\",\"attributes\":\"Sprint\",\"description\":\"Straight speed sprint training. Cover distance in faster time, on grass or on the court.\",\"image\":\"/media/sprint_bullet_icon_1.jpg\",\"href\":\"/training/linear-speed/\",\"fee\":120,\"last_edit\":\"2022-03-29T09:08:43.000Z\"},\"athleteList\":[{\"full_name\":\"sdfdfsf\",\"gender\":\"FEMALE\",\"dob\":\"1111-11-11T00:00:00.000Z\",\"school\":\"hjggfdfgdhhh\"}]}]","service":"user-service"}
{"level":"info","message":"Network Request to DataServer from CLient Side took: 57ms","service":"user-service"}
{"level":"info","message":"Network Request to DataServer from CLient Side took: 556ms","service":"user-service"}
{"level":"info","message":"Network Request to DataServer from CLient Side took: 720ms","service":"user-service"}
{"level":"info","message":"Network Request to DataServer from CLient Side took: 630ms","service":"user-service"}
{"level":"info","message":"Network Request to DataServer from CLient Side took: 767ms","service":"user-service"}
{"level":"info","message":"Network Request to DataServer from CLient Side took: 738ms","service":"user-service"}
{"level":"info","message":"Network Request to DataServer from CLient Side took: 634ms","service":"user-service"}
{"level":"info","message":"addSessionToCart input: {\"sessionHref\":\"/training/linear-speed/\",\"athleteList\":[{\"full_name\":\"fafas\",\"gender\":\"MALE\",\"dob\":\"2021-12-10T00:00:00.000Z\",\"school\":\"dgsdgsgd\"}],\"guardianInfo\":{\"full_name\":\"sdgdg\",\"email\":\"gsdgsd\",\"contact_number\":\"gdsg\",\"address\":\"sgdgsdg\",\"alt_name\":\"sgdsd\",\"alt_contact_number\":\"dsg\"}}","service":"user-service"}
{"level":"info","message":"addSessionToCart newRegisteredSession: {\"session\":{\"id\":2,\"name\":\"Linear Speed Training\",\"attributes\":\"Sprint\",\"description\":\"Straight speed sprint training. Cover distance in faster time, on grass or on the court.\",\"image\":\"/media/sprint_bullet_icon_1.jpg\",\"href\":\"/training/linear-speed/\",\"fee\":120,\"last_edit\":\"2022-03-29T09:08:43.000Z\"},\"athleteList\":[{\"full_name\":\"fafas\",\"gender\":\"MALE\",\"dob\":\"2021-12-10T00:00:00.000Z\",\"school\":\"dgsdgsgd\"}]}\n","service":"user-service"}
{"level":"info","message":"addSessionToCart registeredSessions: [{\"session\":{\"id\":1,\"name\":\"SAQ Training\",\"attributes\":\"Speed - Agility - Quickness\",\"description\":\"Speed and Agility drills to improve performance in sports that require changing direction quickly.\",\"image\":\"/media/agility_bullet_icon.jpg\",\"href\":\"/training/speed-agility\",\"fee\":120,\"last_edit\":\"2022-03-29T09:07:27.000Z\"},\"athleteList\":[{\"full_name\":\"dsgsdgsd\",\"gender\":\"MALE\",\"dob\":\"1111-11-11T00:00:00.000Z\",\"school\":\"sd;lkgsdg\"}]},{\"session\":{\"id\":2,\"name\":\"Linear Speed Training\",\"attributes\":\"Sprint\",\"description\":\"Straight speed sprint training. Cover distance in faster time, on grass or on the court.\",\"image\":\"/media/sprint_bullet_icon_1.jpg\",\"href\":\"/training/linear-speed/\",\"fee\":120,\"last_edit\":\"2022-03-29T09:08:43.000Z\"},\"athleteList\":[{\"full_name\":\"fafas\",\"gender\":\"MALE\",\"dob\":\"2021-12-10T00:00:00.000Z\",\"school\":\"dgsdgsgd\"}]}]","service":"user-service"}
{"level":"info","message":"Network Request to DataServer from CLient Side took: 139ms","service":"user-service"}
{"level":"info","message":"DBMan: Connection ID: connected","service":"user-service"}
{"level":"info","message":"addSessionToCart input: {\"sessionHref\":\"/training/linear-speed/\",\"athleteList\":[{\"full_name\":\"fafas\",\"gender\":\"MALE\",\"dob\":\"2021-12-10T00:00:00.000Z\",\"school\":\"dgsdgsgd\"}],\"guardianInfo\":{\"full_name\":\"sdgdg\",\"email\":\"gsdgsd\",\"contact_number\":\"gdsg\",\"address\":\"sgdgsdg\",\"alt_name\":\"sgdsd\",\"alt_contact_number\":\"dsg\"}}","service":"user-service"}
{"level":"info","message":"addSessionToCart newRegisteredSession: {\"session\":{\"id\":2,\"name\":\"Linear Speed Training\",\"attributes\":\"Sprint\",\"description\":\"Straight speed sprint training. Cover distance in faster time, on grass or on the court.\",\"image\":\"/media/sprint_bullet_icon_1.jpg\",\"href\":\"/training/linear-speed/\",\"fee\":120,\"last_edit\":\"2022-03-29T09:08:43.000Z\"},\"athleteList\":[{\"full_name\":\"fafas\",\"gender\":\"MALE\",\"dob\":\"2021-12-10T00:00:00.000Z\",\"school\":\"dgsdgsgd\"}],\"guardianInfo\":{\"full_name\":\"sdgdg\",\"email\":\"gsdgsd\",\"contact_number\":\"gdsg\",\"address\":\"sgdgsdg\",\"alt_name\":\"sgdsd\",\"alt_contact_number\":\"dsg\"}}\n","service":"user-service"}
{"level":"info","message":"addSessionToCart registeredSessions: [{\"session\":{\"id\":1,\"name\":\"SAQ Training\",\"attributes\":\"Speed - Agility - Quickness\",\"description\":\"Speed and Agility drills to improve performance in sports that require changing direction quickly.\",\"image\":\"/media/agility_bullet_icon.jpg\",\"href\":\"/training/speed-agility\",\"fee\":120,\"last_edit\":\"2022-03-29T09:07:27.000Z\"},\"athleteList\":[{\"full_name\":\"dsgsdgsd\",\"gender\":\"MALE\",\"dob\":\"1111-11-11T00:00:00.000Z\",\"school\":\"sd;lkgsdg\"}]},{\"session\":{\"id\":2,\"name\":\"Linear Speed Training\",\"attributes\":\"Sprint\",\"description\":\"Straight speed sprint training. Cover distance in faster time, on grass or on the court.\",\"image\":\"/media/sprint_bullet_icon_1.jpg\",\"href\":\"/training/linear-speed/\",\"fee\":120,\"last_edit\":\"2022-03-29T09:08:43.000Z\"},\"athleteList\":[{\"full_name\":\"fafas\",\"gender\":\"MALE\",\"dob\":\"2021-12-10T00:00:00.000Z\",\"school\":\"dgsdgsgd\"}],\"guardianInfo\":{\"full_name\":\"sdgdg\",\"email\":\"gsdgsd\",\"contact_number\":\"gdsg\",\"address\":\"sgdgsdg\",\"alt_name\":\"sgdsd\",\"alt_contact_number\":\"dsg\"}}]","service":"user-service"}
{"level":"info","message":"Network Request to DataServer from CLient Side took: 281ms","service":"user-service"}
{"level":"info","message":"addSessionToCart input: {\"sessionHref\":\"/training/linear-speed/\",\"athleteList\":[{\"full_name\":\"fafas\",\"gender\":\"MALE\",\"dob\":\"2021-12-10T00:00:00.000Z\",\"school\":\"dgsdgsgd\"}],\"guardianInfo\":{\"full_name\":\"sdgdg\",\"email\":\"gsdgsd\",\"contact_number\":\"gdsg\",\"address\":\"sgdgsdg\",\"alt_name\":\"sgdsd\",\"alt_contact_number\":\"dsg\"}}","service":"user-service"}
{"level":"info","message":"addSessionToCart newRegisteredSession: {\"session\":{\"id\":2,\"name\":\"Linear Speed Training\",\"attributes\":\"Sprint\",\"description\":\"Straight speed sprint training. Cover distance in faster time, on grass or on the court.\",\"image\":\"/media/sprint_bullet_icon_1.jpg\",\"href\":\"/training/linear-speed/\",\"fee\":120,\"last_edit\":\"2022-03-29T09:08:43.000Z\"},\"athleteList\":[{\"full_name\":\"fafas\",\"gender\":\"MALE\",\"dob\":\"2021-12-10T00:00:00.000Z\",\"school\":\"dgsdgsgd\"}],\"guardianInfo\":{\"full_name\":\"sdgdg\",\"email\":\"gsdgsd\",\"contact_number\":\"gdsg\",\"address\":\"sgdgsdg\",\"alt_name\":\"sgdsd\",\"alt_contact_number\":\"dsg\"}}\n","service":"user-service"}
{"level":"info","message":"addSessionToCart registeredSessions: [{\"session\":{\"id\":1,\"name\":\"SAQ Training\",\"attributes\":\"Speed - Agility - Quickness\",\"description\":\"Speed and Agility drills to improve performance in sports that require changing direction quickly.\",\"image\":\"/media/agility_bullet_icon.jpg\",\"href\":\"/training/speed-agility\",\"fee\":120,\"last_edit\":\"2022-03-29T09:07:27.000Z\"},\"athleteList\":[{\"full_name\":\"dsgsdgsd\",\"gender\":\"MALE\",\"dob\":\"1111-11-11T00:00:00.000Z\",\"school\":\"sd;lkgsdg\"}]},{\"session\":{\"id\":2,\"name\":\"Linear Speed Training\",\"attributes\":\"Sprint\",\"description\":\"Straight speed sprint training. Cover distance in faster time, on grass or on the court.\",\"image\":\"/media/sprint_bullet_icon_1.jpg\",\"href\":\"/training/linear-speed/\",\"fee\":120,\"last_edit\":\"2022-03-29T09:08:43.000Z\"},\"athleteList\":[{\"full_name\":\"fafas\",\"gender\":\"MALE\",\"dob\":\"2021-12-10T00:00:00.000Z\",\"school\":\"dgsdgsgd\"}],\"guardianInfo\":{\"full_name\":\"sdgdg\",\"email\":\"gsdgsd\",\"contact_number\":\"gdsg\",\"address\":\"sgdgsdg\",\"alt_name\":\"sgdsd\",\"alt_contact_number\":\"dsg\"}}]","service":"user-service"}
{"level":"info","message":"Network Request to DataServer from CLient Side took: 95ms","service":"user-service"}
{"level":"info","message":"Network Request to DataServer from CLient Side took: 1273ms","service":"user-service"}
{"level":"error","message":"removeItem: Attempted operation on cart with non-object type. Most likely cart is not initialised.","service":"user-service"}
{"level":"info","message":"Network Request to DataServer from CLient Side took: 236ms","service":"user-service"}
{"level":"error","message":"removeItem: Attempted operation on cart with non-object type. Most likely cart is not initialised.","service":"user-service"}
{"level":"info","message":"Network Request to DataServer from CLient Side took: 101ms","service":"user-service"}
{"level":"info","message":"Network Request to DataServer from CLient Side took: 824ms","service":"user-service"}
{"level":"info","message":"Network Request to DataServer from CLient Side took: 1096ms","service":"user-service"}
{"level":"info","message":"Network Request to DataServer from CLient Side took: 1031ms","service":"user-service"}
{"level":"info","message":"Network Request to DataServer from CLient Side took: 1240ms","service":"user-service"}
{"level":"info","message":"DBMan: Connection ID: connected","service":"user-service"}
{"level":"info","message":"Network Request to DataServer from CLient Side took: 188ms","service":"user-service"}
{"level":"info","message":"Network Request to DataServer from CLient Side took: 286ms","service":"user-service"}
{"level":"info","message":"addSessionToCart input: {\"sessionHref\":\"/training/speed-agility/\",\"athleteList\":[{\"full_name\":\"Daniel Jagobard\",\"gender\":\"MALE\",\"dob\":\"1997-12-31T00:00:00.000Z\",\"school\":\"Sunny Side\"}],\"guardianInfo\":{\"full_name\":\"Daniel Barihuta\",\"email\":\"d.barihuta@mail.com\",\"contact_number\":\"1234567899\",\"address\":\"564, Fullhma way\",\"alt_name\":\"Tharcisse\",\"alt_contact_number\":\"789456123\"}}","service":"user-service"}
{"level":"info","message":"addSessionToCart newRegisteredSession: {\"session\":{\"id\":1,\"name\":\"SAQ Training\",\"attributes\":\"Speed - Agility - Quickness\",\"description\":\"Speed and Agility drills to improve performance in sports that require changing direction quickly.\",\"image\":\"/media/agility_bullet_icon.jpg\",\"href\":\"/training/speed-agility/\",\"fee\":120,\"last_edit\":\"2022-03-29T09:07:27.000Z\"},\"athleteList\":[{\"full_name\":\"Daniel Jagobard\",\"gender\":\"MALE\",\"dob\":\"1997-12-31T00:00:00.000Z\",\"school\":\"Sunny Side\"}],\"guardianInfo\":{\"full_name\":\"Daniel Barihuta\",\"email\":\"d.barihuta@mail.com\",\"contact_number\":\"1234567899\",\"address\":\"564, Fullhma way\",\"alt_name\":\"Tharcisse\",\"alt_contact_number\":\"789456123\"}}\n","service":"user-service"}
{"level":"info","message":"addSessionToCart registeredSessions: [{\"session\":{\"id\":1,\"name\":\"SAQ Training\",\"attributes\":\"Speed - Agility - Quickness\",\"description\":\"Speed and Agility drills to improve performance in sports that require changing direction quickly.\",\"image\":\"/media/agility_bullet_icon.jpg\",\"href\":\"/training/speed-agility/\",\"fee\":120,\"last_edit\":\"2022-03-29T09:07:27.000Z\"},\"athleteList\":[{\"full_name\":\"Daniel Jagobard\",\"gender\":\"MALE\",\"dob\":\"1997-12-31T00:00:00.000Z\",\"school\":\"Sunny Side\"}],\"guardianInfo\":{\"full_name\":\"Daniel Barihuta\",\"email\":\"d.barihuta@mail.com\",\"contact_number\":\"1234567899\",\"address\":\"564, Fullhma way\",\"alt_name\":\"Tharcisse\",\"alt_contact_number\":\"789456123\"}}]","service":"user-service"}
{"level":"info","message":"Network Request to DataServer from CLient Side took: 59ms","service":"user-service"}
{"level":"info","message":"Network Request to DataServer from CLient Side took: 270ms","service":"user-service"}
{"level":"info","message":"Network Request to DataServer from CLient Side took: 101ms","service":"user-service"}
{"level":"info","message":"Network Request to DataServer from CLient Side took: 166ms","service":"user-service"}
{"level":"info","message":"Network Request to DataServer from CLient Side took: 152ms","service":"user-service"}
{"level":"error","message":"removeItem: Attempted operation on cart with non-object type. Most likely cart is not initialised.","service":"user-service"}
{"level":"info","message":"Network Request to DataServer from CLient Side took: 90ms","service":"user-service"}
{"level":"error","message":"removeItem: Attempted operation on cart with non-object type. Most likely cart is not initialised.","service":"user-service"}
{"level":"info","message":"Network Request to DataServer from CLient Side took: 31ms","service":"user-service"}
{"level":"error","message":"removeItem: Attempted operation on cart with non-object type. Most likely cart is not initialised.","service":"user-service"}
{"level":"info","message":"Network Request to DataServer from CLient Side took: 30ms","service":"user-service"}
{"level":"error","message":"removeItem: Attempted operation on cart with non-object type. Most likely cart is not initialised.","service":"user-service"}
{"level":"info","message":"Network Request to DataServer from CLient Side took: 29ms","service":"user-service"}
{"level":"error","message":"removeItem: Attempted operation on cart with non-object type. Most likely cart is not initialised.","service":"user-service"}
{"level":"info","message":"Network Request to DataServer from CLient Side took: 31ms","service":"user-service"}
{"level":"info","message":"DBMan: Connection ID: connected","service":"user-service"}
{"level":"info","message":"Network Request to DataServer from CLient Side took: 400ms","service":"user-service"}
{"level":"info","message":"Network Request to DataServer from CLient Side took: 217ms","service":"user-service"}
{"level":"info","message":"DBMan: Connection ID: connected","service":"user-service"}
{"level":"info","message":"addSessionToCart input: {\"sessionHref\":\"/training/speed-agility/\",\"athleteList\":[{\"full_name\":\"Daniel Jobava\",\"gender\":\"MALE\",\"dob\":\"1997-12-11T00:00:00.000Z\",\"school\":\"First Nation\"}],\"guardianInfo\":{\"full_name\":\"Elohim\",\"email\":\"sdgsgsdg\",\"contact_number\":\"455445\",\"address\":\"dsgdsgsdg\",\"alt_name\":\"45454\",\"alt_contact_number\":\"544\"}}","service":"user-service"}
{"level":"info","message":"addSessionToCart newRegisteredSession: {\"session\":{\"id\":1,\"name\":\"SAQ Training\",\"attributes\":\"Speed - Agility - Quickness\",\"description\":\"Speed and Agility drills to improve performance in sports that require changing direction quickly.\",\"image\":\"/media/agility_bullet_icon.jpg\",\"href\":\"/training/speed-agility/\",\"fee\":120,\"last_edit\":\"2022-03-29T09:07:27.000Z\"},\"athleteList\":[{\"full_name\":\"Daniel Jobava\",\"gender\":\"MALE\",\"dob\":\"1997-12-11T00:00:00.000Z\",\"school\":\"First Nation\"}],\"guardianInfo\":{\"full_name\":\"Elohim\",\"email\":\"sdgsgsdg\",\"contact_number\":\"455445\",\"address\":\"dsgdsgsdg\",\"alt_name\":\"45454\",\"alt_contact_number\":\"544\"}}\n","service":"user-service"}
{"level":"info","message":"addSessionToCart registeredSessions: [{\"session\":{\"id\":1,\"name\":\"SAQ Training\",\"attributes\":\"Speed - Agility - Quickness\",\"description\":\"Speed and Agility drills to improve performance in sports that require changing direction quickly.\",\"image\":\"/media/agility_bullet_icon.jpg\",\"href\":\"/training/speed-agility/\",\"fee\":120,\"last_edit\":\"2022-03-29T09:07:27.000Z\"},\"athleteList\":[{\"full_name\":\"Daniel Jobava\",\"gender\":\"MALE\",\"dob\":\"1997-12-11T00:00:00.000Z\",\"school\":\"First Nation\"}],\"guardianInfo\":{\"full_name\":\"Elohim\",\"email\":\"sdgsgsdg\",\"contact_number\":\"455445\",\"address\":\"dsgdsgsdg\",\"alt_name\":\"45454\",\"alt_contact_number\":\"544\"}}]","service":"user-service"}
{"level":"info","message":"Network Request to DataServer from CLient Side took: 144ms","service":"user-service"}
{"level":"info","message":"Network Request to DataServer from CLient Side took: 37ms","service":"user-service"}
{"level":"info","message":"Network Request to DataServer from CLient Side took: 122ms","service":"user-service"}
{"level":"info","message":"Network Request to DataServer from CLient Side took: 92ms","service":"user-service"}
{"level":"info","message":"Network Request to DataServer from CLient Side took: 80ms","service":"user-service"}
{"level":"info","message":"Network Request to DataServer from CLient Side took: 247ms","service":"user-service"}
{"level":"info","message":"Network Request to DataServer from CLient Side took: 258ms","service":"user-service"}
{"level":"info","message":"Network Request to DataServer from CLient Side took: 49ms","service":"user-service"}
{"level":"info","message":"Network Request to DataServer from CLient Side took: 54ms","service":"user-service"}
{"level":"info","message":"Network Request to DataServer from CLient Side took: 538ms","service":"user-service"}
{"level":"info","message":"Network Request to DataServer from CLient Side took: 558ms","service":"user-service"}
{"level":"info","message":"Network Request to DataServer from CLient Side took: 52ms","service":"user-service"}
{"level":"info","message":"DBMan: Connection ID: connected","service":"user-service"}
{"level":"info","message":"Network Request to DataServer from CLient Side took: 277ms","service":"user-service"}
{"level":"info","message":"Network Request to DataServer from CLient Side took: 40ms","service":"user-service"}
{"level":"info","message":"Network Request to DataServer from CLient Side took: 137ms","service":"user-service"}
{"level":"info","message":"DBMan: Connection ID: connected","service":"user-service"}
{"level":"info","message":"Network Request to DataServer from CLient Side took: 682ms","service":"user-service"}
{"level":"info","message":"Network Request to DataServer from CLient Side took: 455ms","service":"user-service"}
{"level":"info","message":"removeSession registeredSessions: [{\"session\":{\"id\":1,\"name\":\"SAQ Training\",\"attributes\":\"Speed - Agility - Quickness\",\"description\":\"Speed and Agility drills to improve performance in sports that require changing direction quickly.\",\"image\":\"/media/agility_bullet_icon.jpg\",\"href\":\"/training/speed-agility/\",\"fee\":120,\"last_edit\":\"2022-03-29T09:07:27.000Z\"},\"athleteList\":[{\"full_name\":\"Daniel Jobava\",\"gender\":\"MALE\",\"dob\":\"1997-12-11T00:00:00.000Z\",\"school\":\"First Nation\"}],\"guardianInfo\":{\"full_name\":\"Elohim\",\"email\":\"sdgsgsdg\",\"contact_number\":\"455445\",\"address\":\"dsgdsgsdg\",\"alt_name\":\"45454\",\"alt_contact_number\":\"544\"}}]","service":"user-service"}
{"level":"info","message":"Network Request to DataServer from CLient Side took: 110ms","service":"user-service"}
{"level":"info","message":"DBMan: Connection ID: connected","service":"user-service"}
{"level":"info","message":"removeSession registeredSessions: [{\"session\":{\"id\":1,\"name\":\"SAQ Training\",\"attributes\":\"Speed - Agility - Quickness\",\"description\":\"Speed and Agility drills to improve performance in sports that require changing direction quickly.\",\"image\":\"/media/agility_bullet_icon.jpg\",\"href\":\"/training/speed-agility/\",\"fee\":120,\"last_edit\":\"2022-03-29T09:07:27.000Z\"},\"athleteList\":[{\"full_name\":\"Daniel Jobava\",\"gender\":\"MALE\",\"dob\":\"1997-12-11T00:00:00.000Z\",\"school\":\"First Nation\"}],\"guardianInfo\":{\"full_name\":\"Elohim\",\"email\":\"sdgsgsdg\",\"contact_number\":\"455445\",\"address\":\"dsgdsgsdg\",\"alt_name\":\"45454\",\"alt_contact_number\":\"544\"}}]","service":"user-service"}
{"level":"info","message":"Network Request to DataServer from CLient Side took: 115ms","service":"user-service"}
{"level":"info","message":"DBMan: Connection ID: connected","service":"user-service"}
{"level":"info","message":"removeSession registeredSessions: id-1 / [{\"session\":{\"id\":1,\"name\":\"SAQ Training\",\"attributes\":\"Speed - Agility - Quickness\",\"description\":\"Speed and Agility drills to improve performance in sports that require changing direction quickly.\",\"image\":\"/media/agility_bullet_icon.jpg\",\"href\":\"/training/speed-agility/\",\"fee\":120,\"last_edit\":\"2022-03-29T09:07:27.000Z\"},\"athleteList\":[{\"full_name\":\"Daniel Jobava\",\"gender\":\"MALE\",\"dob\":\"1997-12-11T00:00:00.000Z\",\"school\":\"First Nation\"}],\"guardianInfo\":{\"full_name\":\"Elohim\",\"email\":\"sdgsgsdg\",\"contact_number\":\"455445\",\"address\":\"dsgdsgsdg\",\"alt_name\":\"45454\",\"alt_contact_number\":\"544\"}}]","service":"user-service"}
{"level":"info","message":"Network Request to DataServer from CLient Side took: 123ms","service":"user-service"}
{"level":"info","message":"DBMan: Connection ID: connected","service":"user-service"}
{"level":"info","message":"Network Request to DataServer from CLient Side took: 362ms","service":"user-service"}
{"level":"info","message":"Network Request to DataServer from CLient Side took: 120ms","service":"user-service"}
{"level":"info","message":"DBMan: Connection ID: connected","service":"user-service"}
{"level":"info","message":"Network Request to DataServer from CLient Side took: 742ms","service":"user-service"}
{"level":"info","message":"Network Request to DataServer from CLient Side took: 40ms","service":"user-service"}
{"level":"info","message":"DBMan: Connection ID: connected","service":"user-service"}
{"level":"info","message":"Network Request to DataServer from CLient Side took: 217ms","service":"user-service"}
{"level":"info","message":"DBMan: Connection ID: connected","service":"user-service"}
{"level":"info","message":"removeSession registeredSessions: id-1 / []","service":"user-service"}
{"level":"info","message":"Network Request to DataServer from CLient Side took: 104ms","service":"user-service"}
{"level":"info","message":"DBMan: Connection ID: connected","service":"user-service"}
{"level":"info","message":"removeSession registeredSessions: id-1 / []","service":"user-service"}
{"level":"info","message":"Network Request to DataServer from CLient Side took: 165ms","service":"user-service"}
{"level":"info","message":"Network Request to DataServer from CLient Side took: 887ms","service":"user-service"}
{"level":"info","message":"addSessionToCart input: {\"sessionHref\":\"/training/speed-agility/\",\"athleteList\":[{\"full_name\":\"Daniel\",\"gender\":\"MALE\",\"dob\":\"1111-11-11T00:00:00.000Z\",\"school\":\"121212\"}],\"guardianInfo\":{\"full_name\":\"Elohim\",\"email\":\"sdgsgsdg\",\"contact_number\":\"455445\",\"address\":\"dsgdsgsdg\",\"alt_name\":\"45454\",\"alt_contact_number\":\"544\"}}","service":"user-service"}
{"level":"info","message":"addSessionToCart newRegisteredSession: {\"session\":{\"id\":1,\"name\":\"SAQ Training\",\"attributes\":\"Speed - Agility - Quickness\",\"description\":\"Speed and Agility drills to improve performance in sports that require changing direction quickly.\",\"image\":\"/media/agility_bullet_icon.jpg\",\"href\":\"/training/speed-agility/\",\"fee\":120,\"last_edit\":\"2022-03-29T09:07:27.000Z\"},\"athleteList\":[{\"full_name\":\"Daniel\",\"gender\":\"MALE\",\"dob\":\"1111-11-11T00:00:00.000Z\",\"school\":\"121212\"}],\"guardianInfo\":{\"full_name\":\"Elohim\",\"email\":\"sdgsgsdg\",\"contact_number\":\"455445\",\"address\":\"dsgdsgsdg\",\"alt_name\":\"45454\",\"alt_contact_number\":\"544\"}}\n","service":"user-service"}
{"level":"info","message":"addSessionToCart registeredSessions: [{\"session\":{\"id\":1,\"name\":\"SAQ Training\",\"attributes\":\"Speed - Agility - Quickness\",\"description\":\"Speed and Agility drills to improve performance in sports that require changing direction quickly.\",\"image\":\"/media/agility_bullet_icon.jpg\",\"href\":\"/training/speed-agility/\",\"fee\":120,\"last_edit\":\"2022-03-29T09:07:27.000Z\"},\"athleteList\":[{\"full_name\":\"Daniel\",\"gender\":\"MALE\",\"dob\":\"1111-11-11T00:00:00.000Z\",\"school\":\"121212\"}],\"guardianInfo\":{\"full_name\":\"Elohim\",\"email\":\"sdgsgsdg\",\"contact_number\":\"455445\",\"address\":\"dsgdsgsdg\",\"alt_name\":\"45454\",\"alt_contact_number\":\"544\"}}]","service":"user-service"}
{"level":"info","message":"Network Request to DataServer from CLient Side took: 53ms","service":"user-service"}
{"level":"info","message":"Network Request to DataServer from CLient Side took: 724ms","service":"user-service"}
